2011-10-30T22:22:27-04:00: Connecting to database...
2011-10-30T22:22:28-04:00: Selecting database...
2011-10-30T22:22:28-04:00: Querying: SELECT person_id, name 
                        FROM People 
                        WHERE People.name = "Homer Simpson"
2011-10-30T22:59:36-04:00: Connecting to database...
2011-10-30T22:59:36-04:00: Selecting database...
2011-10-30T22:59:36-04:00: Querying: SELECT person_id, name 
                        FROM People 
                        WHERE People.name = "Homer Simpson"
2011-10-30T22:59:36-04:00: Querying: INSERT INTO Expenses (person_id, item, cost, expense_date)
                                  VALUES (105, Food, $10.00 , 2010-10-01)
2011-10-30T22:59:37-04:00: Querying: INSERT INTO Expenses (person_id, item, cost, expense_date)
                                  VALUES (105, Transportation, $25.00 , 2010-10-01)
2011-10-30T22:59:37-04:00: Querying: INSERT INTO Expenses (person_id, item, cost, expense_date)
                                  VALUES (105, Transportation, $25.00 , 2010-10-03)
2011-10-30T22:59:37-04:00: Querying: INSERT INTO Expenses (person_id, item, cost, expense_date)
                                  VALUES (105, Lodging, $150.00 , 2010-10-01)
2011-10-30T22:59:37-04:00: Querying: INSERT INTO Expenses (person_id, item, cost, expense_date)
                                  VALUES (105, Lodging, $150.00, 2010-10-02)
2011-10-30T22:59:37-04:00: Querying: INSERT INTO Expenses (person_id, item, cost, expense_date)
                                  VALUES (105, Tip, $5.00, 2010-10-03)
2011-10-30T22:59:37-04:00: Querying: INSERT INTO Expenses (person_id, item, cost, expense_date)
                                  VALUES (105, Food, $30.00 , 2010-10-02)
2011-10-30T22:59:37-04:00: Querying: INSERT INTO Expenses (person_id, item, cost, expense_date)
                                  VALUES (105, Entertainment, $80.00, 2010-10-04)
2011-10-30T23:01:10-04:00: Connecting to database...
2011-10-30T23:01:10-04:00: Selecting database...
2011-10-30T23:01:10-04:00: Querying: SELECT person_id, name 
                        FROM People 
                        WHERE People.name = "Homer Simpson"
2011-10-30T23:01:10-04:00: Querying: INSERT INTO Expenses (person_id, item, cost, expense_date)
                                  VALUES (105, Food, 10.00 , 2010-10-01)
2011-10-30T23:01:10-04:00: Querying: INSERT INTO Expenses (person_id, item, cost, expense_date)
                                  VALUES (105, Transportation, 25.00 , 2010-10-01)
2011-10-30T23:01:10-04:00: Querying: INSERT INTO Expenses (person_id, item, cost, expense_date)
                                  VALUES (105, Transportation, 25.00 , 2010-10-03)
2011-10-30T23:01:11-04:00: Querying: INSERT INTO Expenses (person_id, item, cost, expense_date)
                                  VALUES (105, Lodging, 150.00 , 2010-10-01)
2011-10-30T23:01:11-04:00: Querying: INSERT INTO Expenses (person_id, item, cost, expense_date)
                                  VALUES (105, Lodging, 150.00, 2010-10-02)
2011-10-30T23:01:11-04:00: Querying: INSERT INTO Expenses (person_id, item, cost, expense_date)
                                  VALUES (105, Tip, 5.00, 2010-10-03)
2011-10-30T23:01:11-04:00: Querying: INSERT INTO Expenses (person_id, item, cost, expense_date)
                                  VALUES (105, Food, 30.00 , 2010-10-02)
2011-10-30T23:01:11-04:00: Querying: INSERT INTO Expenses (person_id, item, cost, expense_date)
                                  VALUES (105, Entertainment, 80.00, 2010-10-04)
2011-10-30T23:20:51-04:00: Connecting to database...
2011-10-30T23:20:52-04:00: Selecting database...
2011-10-30T23:20:52-04:00: Querying: SELECT person_id, SUM(cost) FROM Expenses GROUP BY person_id
2011-10-30T23:22:28-04:00: Connecting to database...
2011-10-30T23:22:28-04:00: Selecting database...
2011-10-30T23:22:28-04:00: Querying: SELECT name, SUM(cost) FROM Expenses INNER JOIN People ON Expenses.person_id = People.person_id GROUP BY name
2011-10-30T23:23:59-04:00: Connecting to database...
2011-10-30T23:23:59-04:00: Selecting database...
2011-10-30T23:23:59-04:00: Querying: SELECT name, SUM(cost) FROM Expenses INNER JOIN People ON Expenses.person_id = People.person_id GROUP BY name
2011-10-30T23:26:58-04:00: Connecting to database...
2011-10-30T23:26:58-04:00: Selecting database...
2011-10-30T23:26:58-04:00: Querying: SELECT name, SUM(cost) FROM Expenses INNER JOIN People ON Expenses.person_id = People.person_id GROUP BY name
2011-10-30T23:26:58-04:00: Querying: SELECT item, SUM(cost) FROM Expenses GROUP BY item
2011-10-30T23:28:09-04:00: Connecting to database...
2011-10-30T23:28:09-04:00: Selecting database...
2011-10-30T23:28:09-04:00: Querying: SELECT name, SUM(cost) FROM Expenses INNER JOIN People ON Expenses.person_id = People.person_id GROUP BY name
2011-10-30T23:28:09-04:00: Querying: SELECT item, SUM(cost) FROM Expenses GROUP BY item
2011-10-30T23:28:31-04:00: Connecting to database...
2011-10-30T23:28:32-04:00: Selecting database...
2011-10-30T23:28:32-04:00: Querying: SELECT name, SUM(cost) FROM Expenses INNER JOIN People ON Expenses.person_id = People.person_id GROUP BY name
2011-10-30T23:28:32-04:00: Querying: SELECT item, SUM(cost) FROM Expenses GROUP BY item
2011-10-30T23:28:56-04:00: Connecting to database...
2011-10-30T23:28:57-04:00: Selecting database...
2011-10-30T23:28:57-04:00: Querying: SELECT name, SUM(cost) FROM Expenses INNER JOIN People ON Expenses.person_id = People.person_id GROUP BY name
2011-10-30T23:28:57-04:00: Querying: SELECT item, SUM(cost) FROM Expenses GROUP BY item
2011-10-30T23:29:41-04:00: Connecting to database...
2011-10-30T23:29:41-04:00: Selecting database...
2011-10-30T23:29:41-04:00: Querying: SELECT name, SUM(cost) FROM Expenses INNER JOIN People ON Expenses.person_id = People.person_id GROUP BY name
2011-10-30T23:29:41-04:00: Querying: SELECT item, SUM(cost) FROM Expenses GROUP BY item
2011-10-30T23:30:51-04:00: Connecting to database...
2011-10-30T23:30:51-04:00: Selecting database...
2011-10-30T23:30:52-04:00: Querying: SELECT name, SUM(cost) FROM Expenses INNER JOIN People ON Expenses.person_id = People.person_id GROUP BY name WHERE cost > 10
2011-10-30T23:30:52-04:00: Querying: SELECT item, SUM(cost) FROM Expenses GROUP BY item
2011-10-30T23:31:40-04:00: Connecting to database...
2011-10-30T23:31:41-04:00: Selecting database...
2011-10-30T23:31:41-04:00: Querying: SELECT name, SUM(cost) FROM Expenses INNER JOIN People ON Expenses.person_id = People.person_id GROUP BY name WHERE name = "Zap Brannigan"
2011-10-30T23:31:41-04:00: Querying: SELECT item, SUM(cost) FROM Expenses GROUP BY item
2011-10-30T23:31:57-04:00: Connecting to database...
2011-10-30T23:31:57-04:00: Selecting database...
2011-10-30T23:31:57-04:00: Querying: SELECT name, SUM(cost) FROM Expenses INNER JOIN People ON Expenses.person_id = People.person_id WHERE name = "Zap Brannigan" GROUP BY name
2011-10-30T23:31:57-04:00: Querying: SELECT item, SUM(cost) FROM Expenses GROUP BY item
2011-10-30T23:32:28-04:00: Connecting to database...
2011-10-30T23:32:28-04:00: Selecting database...
2011-10-30T23:32:28-04:00: Querying: SELECT name, SUM(cost) FROM Expenses INNER JOIN People ON Expenses.person_id = People.person_id GROUP BY name
2011-10-30T23:32:29-04:00: Querying: SELECT item, SUM(cost) FROM Expenses GROUP BY item
2011-10-30T23:32:47-04:00: Connecting to database...
2011-10-30T23:32:48-04:00: Selecting database...
2011-10-30T23:32:48-04:00: Querying: SELECT name, SUM(cost) FROM Expenses INNER JOIN People ON Expenses.person_id = People.person_id GROUP BY name
2011-10-30T23:32:48-04:00: Querying: SELECT item, SUM(cost) FROM Expenses GROUP BY item
2011-10-30T23:34:42-04:00: Connecting to database...
2011-10-30T23:34:43-04:00: Selecting database...
2011-10-30T23:34:43-04:00: Querying: SELECT name, SUM(cost) FROM Expenses INNER JOIN People ON Expenses.person_id = People.person_id  GROUP BY name
2011-10-30T23:34:43-04:00: Querying: SELECT item, SUM(cost) FROM Expenses INNER JOIN People ON Expenses.person_id = People.person_id  GROUP BY item
2011-10-30T23:34:47-04:00: Connecting to database...
2011-10-30T23:34:48-04:00: Selecting database...
2011-10-30T23:34:48-04:00: Querying: SELECT name, SUM(cost) FROM Expenses INNER JOIN People ON Expenses.person_id = People.person_id WHERE name = "Zap Brannigan" GROUP BY name
2011-10-30T23:34:48-04:00: Querying: SELECT item, SUM(cost) FROM Expenses INNER JOIN People ON Expenses.person_id = People.person_id WHERE name = "Zap Brannigan" GROUP BY item
2011-10-30T23:34:58-04:00: Connecting to database...
2011-10-30T23:34:59-04:00: Selecting database...
2011-10-30T23:34:59-04:00: Querying: SELECT name, SUM(cost) FROM Expenses INNER JOIN People ON Expenses.person_id = People.person_id  GROUP BY name
2011-10-30T23:34:59-04:00: Querying: SELECT item, SUM(cost) FROM Expenses INNER JOIN People ON Expenses.person_id = People.person_id  GROUP BY item
2011-10-30T23:35:25-04:00: Connecting to database...
2011-10-30T23:35:25-04:00: Selecting database...
2011-10-30T23:35:25-04:00: Querying: SELECT name, SUM(cost) FROM Expenses INNER JOIN People ON Expenses.person_id = People.person_id  GROUP BY name
2011-10-30T23:35:26-04:00: Querying: SELECT item, SUM(cost) FROM Expenses INNER JOIN People ON Expenses.person_id = People.person_id  GROUP BY item
2011-10-30T23:35:30-04:00: Connecting to database...
2011-10-30T23:35:31-04:00: Selecting database...
2011-10-30T23:35:31-04:00: Querying: SELECT name, SUM(cost) FROM Expenses INNER JOIN People ON Expenses.person_id = People.person_id WHERE name = "Zap Brannigan" GROUP BY name
2011-10-30T23:35:31-04:00: Querying: SELECT item, SUM(cost) FROM Expenses INNER JOIN People ON Expenses.person_id = People.person_id WHERE name = "Zap Brannigan" GROUP BY item
2011-10-30T23:35:34-04:00: Connecting to database...
2011-10-30T23:35:35-04:00: Selecting database...
2011-10-30T23:35:35-04:00: Querying: SELECT name, SUM(cost) FROM Expenses INNER JOIN People ON Expenses.person_id = People.person_id  GROUP BY name
2011-10-30T23:35:35-04:00: Querying: SELECT item, SUM(cost) FROM Expenses INNER JOIN People ON Expenses.person_id = People.person_id  GROUP BY item
2011-10-30T23:40:17-04:00: Connecting to database...
2011-10-30T23:40:18-04:00: Selecting database...
2011-10-30T23:40:18-04:00: Querying: SELECT name, SUM(cost) FROM Expenses INNER JOIN People ON Expenses.person_id = People.person_id  GROUP BY name
2011-10-30T23:40:18-04:00: Querying: SELECT item, SUM(cost) FROM Expenses INNER JOIN People ON Expenses.person_id = People.person_id  GROUP BY item
2011-10-30T23:40:27-04:00: Connecting to database...
2011-10-30T23:40:27-04:00: Selecting database...
2011-10-30T23:40:27-04:00: Querying: SELECT name, SUM(cost) FROM Expenses INNER JOIN People ON Expenses.person_id = People.person_id WHERE name = "Brock Samsonite"  GROUP BY name
2011-10-30T23:40:28-04:00: Querying: SELECT item, SUM(cost) FROM Expenses INNER JOIN People ON Expenses.person_id = People.person_id WHERE name = "Brock Samsonite"  GROUP BY item
2011-10-30T23:40:31-04:00: Connecting to database...
2011-10-30T23:40:31-04:00: Selecting database...
2011-10-30T23:40:31-04:00: Querying: SELECT name, SUM(cost) FROM Expenses INNER JOIN People ON Expenses.person_id = People.person_id  GROUP BY name
2011-10-30T23:40:32-04:00: Querying: SELECT item, SUM(cost) FROM Expenses INNER JOIN People ON Expenses.person_id = People.person_id  GROUP BY item
2011-10-30T23:40:57-04:00: Connecting to database...
2011-10-30T23:40:57-04:00: Selecting database...
2011-10-30T23:40:57-04:00: Querying: SELECT name, SUM(cost) FROM Expenses INNER JOIN People ON Expenses.person_id = People.person_id WHERE date BETWEEN 1969-12-31 AND 1969-12-31  GROUP BY name
2011-10-30T23:40:58-04:00: Querying: SELECT item, SUM(cost) FROM Expenses INNER JOIN People ON Expenses.person_id = People.person_id WHERE date BETWEEN 1969-12-31 AND 1969-12-31  GROUP BY item
2011-10-30T23:41:37-04:00: Connecting to database...
2011-10-30T23:41:37-04:00: Selecting database...
2011-10-30T23:41:37-04:00: Querying: SELECT name, SUM(cost) FROM Expenses INNER JOIN People ON Expenses.person_id = People.person_id WHERE date BETWEEN 2010-10-01 AND 2010-10-20  GROUP BY name
2011-10-30T23:41:38-04:00: Querying: SELECT item, SUM(cost) FROM Expenses INNER JOIN People ON Expenses.person_id = People.person_id WHERE date BETWEEN 2010-10-01 AND 2010-10-20  GROUP BY item
2011-10-30T23:43:38-04:00: Connecting to database...
2011-10-30T23:43:39-04:00: Selecting database...
2011-10-30T23:43:39-04:00: Querying: SELECT name, SUM(cost) FROM Expenses INNER JOIN People ON Expenses.person_id = People.person_id WHERE date BETWEEN 2010-10-01 AND 2010-10-20  GROUP BY name
2011-10-30T23:43:39-04:00: Querying: SELECT item, SUM(cost) FROM Expenses INNER JOIN People ON Expenses.person_id = People.person_id WHERE date BETWEEN 2010-10-01 AND 2010-10-20  GROUP BY item
2011-10-30T23:43:43-04:00: Connecting to database...
2011-10-30T23:43:43-04:00: Selecting database...
2011-10-30T23:43:43-04:00: Querying: SELECT name, SUM(cost) FROM Expenses INNER JOIN People ON Expenses.person_id = People.person_id  GROUP BY name
2011-10-30T23:43:44-04:00: Querying: SELECT item, SUM(cost) FROM Expenses INNER JOIN People ON Expenses.person_id = People.person_id  GROUP BY item
2011-10-30T23:44:00-04:00: Connecting to database...
2011-10-30T23:44:00-04:00: Selecting database...
2011-10-30T23:44:00-04:00: Querying: SELECT name, SUM(cost) FROM Expenses INNER JOIN People ON Expenses.person_id = People.person_id WHERE name = "Jack Skellington"  GROUP BY name
2011-10-30T23:44:00-04:00: Querying: SELECT item, SUM(cost) FROM Expenses INNER JOIN People ON Expenses.person_id = People.person_id WHERE name = "Jack Skellington"  GROUP BY item
